<?xml version="1.0" encoding="UTF-8"?>
<!-- Generated by org.testng.reporters.JUnitXMLReporter -->
<testsuite hostname="DESKTOP-272J02D" name="Test" tests="3" failures="2" timestamp="10 Jan 2018 09:12:29 GMT" time="71.547" errors="0">
  <testcase name="login" time="40.871" classname="com.cases.TestStartCase">
    <failure type="java.lang.Exception" message="org.openqa.selenium.NoSuchElementException: An element could not be located on the page using the given search parameters. (WARNING: The server did not provide any stacktrace information)
Command duration or timeout: 512 milliseconds
For documentation on this error, please visit: http://seleniumhq.org/exceptions/no_such_element.html
Build info: version: &amp;apos;3.0.1&amp;apos;, revision: &amp;apos;1969d75&amp;apos;, time: &amp;apos;2016-10-18 09:49:13 -0700&amp;apos;
System info: host: &amp;apos;DESKTOP-272J02D&amp;apos;, ip: &amp;apos;30.87.249.71&amp;apos;, os.name: &amp;apos;Windows 10&amp;apos;, os.arch: &amp;apos;amd64&amp;apos;, os.version: &amp;apos;10.0&amp;apos;, java.version: &amp;apos;1.8.0_151&amp;apos;
Driver info: io.appium.java_client.android.AndroidDriver
Capabilities [{appPackage=com.choicesoft.mobile.ipos, networkConnectionEnabled=true, warnings={}, databaseEnabled=false, deviceName=M101174900850, platform=LINUX, appActivity=.activity.MainActivity, desired={appPackage=com.choicesoft.mobile.ipos, appActivity=.activity.MainActivity, platformVersion=5.1, platformName=Android, deviceName=Android Emulator}, platformVersion=5.1, webStorageEnabled=false, locationContextEnabled=false, browserName=Android, takesScreenshot=true, javascriptEnabled=true, platformName=Android}]
Session ID: fc7a23a6-8297-4a29-8127-931accf18a32
*** Element info: {Using=xpath, value=//android.view.View[@content-desc=&amp;apos;��¼&amp;apos;]}">
      <![CDATA[java.lang.Exception: org.openqa.selenium.NoSuchElementException: An element could not be located on the page using the given search parameters. (WARNING: The server did not provide any stacktrace information)
Command duration or timeout: 512 milliseconds
For documentation on this error, please visit: http://seleniumhq.org/exceptions/no_such_element.html
Build info: version: '3.0.1', revision: '1969d75', time: '2016-10-18 09:49:13 -0700'
System info: host: 'DESKTOP-272J02D', ip: '30.87.249.71', os.name: 'Windows 10', os.arch: 'amd64', os.version: '10.0', java.version: '1.8.0_151'
Driver info: io.appium.java_client.android.AndroidDriver
Capabilities [{appPackage=com.choicesoft.mobile.ipos, networkConnectionEnabled=true, warnings={}, databaseEnabled=false, deviceName=M101174900850, platform=LINUX, appActivity=.activity.MainActivity, desired={appPackage=com.choicesoft.mobile.ipos, appActivity=.activity.MainActivity, platformVersion=5.1, platformName=Android, deviceName=Android Emulator}, platformVersion=5.1, webStorageEnabled=false, locationContextEnabled=false, browserName=Android, takesScreenshot=true, javascriptEnabled=true, platformName=Android}]
Session ID: fc7a23a6-8297-4a29-8127-931accf18a32
*** Element info: {Using=xpath, value=//android.view.View[@content-desc='��¼']}
	at com.common.Common.waitForElementPresent(Common.java:94)
	at com.common.Common.clickBtn(Common.java:168)
	at com.base.StartBase.startToLogin(StartBase.java:26)
	at com.cases.TestStartCase.login(TestStartCase.java:28)
Caused by: org.openqa.selenium.NoSuchElementException: An element could not be located on the page using the given search parameters. (WARNING: The server did not provide any stacktrace information)
Command duration or timeout: 512 milliseconds
For documentation on this error, please visit: http://seleniumhq.org/exceptions/no_such_element.html
Build info: version: '3.0.1', revision: '1969d75', time: '2016-10-18 09:49:13 -0700'
System info: host: 'DESKTOP-272J02D', ip: '30.87.249.71', os.name: 'Windows 10', os.arch: 'amd64', os.version: '10.0', java.version: '1.8.0_151'
Driver info: io.appium.java_client.android.AndroidDriver
Capabilities [{appPackage=com.choicesoft.mobile.ipos, networkConnectionEnabled=true, warnings={}, databaseEnabled=false, deviceName=M101174900850, platform=LINUX, appActivity=.activity.MainActivity, desired={appPackage=com.choicesoft.mobile.ipos, appActivity=.activity.MainActivity, platformVersion=5.1, platformName=Android, deviceName=Android Emulator}, platformVersion=5.1, webStorageEnabled=false, locationContextEnabled=false, browserName=Android, takesScreenshot=true, javascriptEnabled=true, platformName=Android}]
Session ID: fc7a23a6-8297-4a29-8127-931accf18a32
*** Element info: {Using=xpath, value=//android.view.View[@content-desc='��¼']}
	at org.openqa.selenium.remote.ErrorHandler.createThrowable(ErrorHandler.java:216)
	at org.openqa.selenium.remote.ErrorHandler.throwIfResponseFailed(ErrorHandler.java:168)
	at org.openqa.selenium.remote.RemoteWebDriver.execute(RemoteWebDriver.java:635)
	at io.appium.java_client.DefaultGenericMobileDriver.execute(DefaultGenericMobileDriver.java:42)
	at io.appium.java_client.AppiumDriver.execute(AppiumDriver.java:1)
	at io.appium.java_client.android.AndroidDriver.execute(AndroidDriver.java:1)
	at org.openqa.selenium.remote.RemoteWebDriver.findElement(RemoteWebDriver.java:368)
	at io.appium.java_client.DefaultGenericMobileDriver.findElement(DefaultGenericMobileDriver.java:62)
	at io.appium.java_client.AppiumDriver.findElement(AppiumDriver.java:1)
	at io.appium.java_client.android.AndroidDriver.findElement(AndroidDriver.java:1)
	at org.openqa.selenium.remote.RemoteWebDriver.findElementByXPath(RemoteWebDriver.java:473)
	at io.appium.java_client.DefaultGenericMobileDriver.findElementByXPath(DefaultGenericMobileDriver.java:140)
	at io.appium.java_client.AppiumDriver.findElementByXPath(AppiumDriver.java:1)
	at io.appium.java_client.android.AndroidDriver.findElementByXPath(AndroidDriver.java:1)
	at org.openqa.selenium.By$ByXPath.findElement(By.java:361)
	at org.openqa.selenium.remote.RemoteWebDriver.findElement(RemoteWebDriver.java:360)
	at io.appium.java_client.DefaultGenericMobileDriver.findElement(DefaultGenericMobileDriver.java:58)
	at io.appium.java_client.AppiumDriver.findElement(AppiumDriver.java:1)
	at io.appium.java_client.android.AndroidDriver.findElement(AndroidDriver.java:1)
	at com.common.Common.waitForElementPresent(Common.java:87)
	... 36 more
... Removed 37 stack frames]]>
    </failure>
  </testcase> <!-- login -->
  <testcase name="sync" time="4.008" classname="com.cases.TestStartCase"/>
  <testcase name="release" time="7.25" classname="com.cases.TestStartCase">
    <failure type="java.lang.Exception" message="org.openqa.selenium.UnsupportedCommandException: Invalid locator strategy: css selector (WARNING: The server did not provide any stacktrace information)
Command duration or timeout: 17 milliseconds
Build info: version: &amp;apos;3.0.1&amp;apos;, revision: &amp;apos;1969d75&amp;apos;, time: &amp;apos;2016-10-18 09:49:13 -0700&amp;apos;
System info: host: &amp;apos;DESKTOP-272J02D&amp;apos;, ip: &amp;apos;30.87.249.71&amp;apos;, os.name: &amp;apos;Windows 10&amp;apos;, os.arch: &amp;apos;amd64&amp;apos;, os.version: &amp;apos;10.0&amp;apos;, java.version: &amp;apos;1.8.0_151&amp;apos;
Driver info: io.appium.java_client.android.AndroidDriver
Capabilities [{appPackage=com.choicesoft.mobile.ipos, networkConnectionEnabled=true, warnings={}, databaseEnabled=false, deviceName=M101174900850, platform=LINUX, appActivity=.activity.MainActivity, desired={appPackage=com.choicesoft.mobile.ipos, appActivity=.activity.MainActivity, platformVersion=5.1, platformName=Android, deviceName=Android Emulator}, platformVersion=5.1, webStorageEnabled=false, locationContextEnabled=false, browserName=Android, takesScreenshot=true, javascriptEnabled=true, platformName=Android}]
Session ID: fc7a23a6-8297-4a29-8127-931accf18a32
*** Element info: {Using=css selector, value=.vux-header-back.v-transition}">
      <![CDATA[java.lang.Exception: org.openqa.selenium.UnsupportedCommandException: Invalid locator strategy: css selector (WARNING: The server did not provide any stacktrace information)
Command duration or timeout: 17 milliseconds
Build info: version: '3.0.1', revision: '1969d75', time: '2016-10-18 09:49:13 -0700'
System info: host: 'DESKTOP-272J02D', ip: '30.87.249.71', os.name: 'Windows 10', os.arch: 'amd64', os.version: '10.0', java.version: '1.8.0_151'
Driver info: io.appium.java_client.android.AndroidDriver
Capabilities [{appPackage=com.choicesoft.mobile.ipos, networkConnectionEnabled=true, warnings={}, databaseEnabled=false, deviceName=M101174900850, platform=LINUX, appActivity=.activity.MainActivity, desired={appPackage=com.choicesoft.mobile.ipos, appActivity=.activity.MainActivity, platformVersion=5.1, platformName=Android, deviceName=Android Emulator}, platformVersion=5.1, webStorageEnabled=false, locationContextEnabled=false, browserName=Android, takesScreenshot=true, javascriptEnabled=true, platformName=Android}]
Session ID: fc7a23a6-8297-4a29-8127-931accf18a32
*** Element info: {Using=css selector, value=.vux-header-back.v-transition}
	at com.common.Common.waitForElementPresent(Common.java:94)
	at com.common.Common.clickBtn(Common.java:168)
	at com.base.StartBase.startToLogout(StartBase.java:49)
	at com.cases.TestStartCase.release(TestStartCase.java:61)
Caused by: org.openqa.selenium.UnsupportedCommandException: Invalid locator strategy: css selector (WARNING: The server did not provide any stacktrace information)
Command duration or timeout: 17 milliseconds
Build info: version: '3.0.1', revision: '1969d75', time: '2016-10-18 09:49:13 -0700'
System info: host: 'DESKTOP-272J02D', ip: '30.87.249.71', os.name: 'Windows 10', os.arch: 'amd64', os.version: '10.0', java.version: '1.8.0_151'
Driver info: io.appium.java_client.android.AndroidDriver
Capabilities [{appPackage=com.choicesoft.mobile.ipos, networkConnectionEnabled=true, warnings={}, databaseEnabled=false, deviceName=M101174900850, platform=LINUX, appActivity=.activity.MainActivity, desired={appPackage=com.choicesoft.mobile.ipos, appActivity=.activity.MainActivity, platformVersion=5.1, platformName=Android, deviceName=Android Emulator}, platformVersion=5.1, webStorageEnabled=false, locationContextEnabled=false, browserName=Android, takesScreenshot=true, javascriptEnabled=true, platformName=Android}]
Session ID: fc7a23a6-8297-4a29-8127-931accf18a32
*** Element info: {Using=css selector, value=.vux-header-back.v-transition}
	at org.openqa.selenium.remote.ErrorHandler.createThrowable(ErrorHandler.java:216)
	at org.openqa.selenium.remote.ErrorHandler.throwIfResponseFailed(ErrorHandler.java:168)
	at org.openqa.selenium.remote.RemoteWebDriver.execute(RemoteWebDriver.java:635)
	at io.appium.java_client.DefaultGenericMobileDriver.execute(DefaultGenericMobileDriver.java:42)
	at io.appium.java_client.AppiumDriver.execute(AppiumDriver.java:1)
	at io.appium.java_client.android.AndroidDriver.execute(AndroidDriver.java:1)
	at org.openqa.selenium.remote.RemoteWebDriver.findElement(RemoteWebDriver.java:368)
	at io.appium.java_client.DefaultGenericMobileDriver.findElement(DefaultGenericMobileDriver.java:62)
	at io.appium.java_client.AppiumDriver.findElement(AppiumDriver.java:1)
	at io.appium.java_client.android.AndroidDriver.findElement(AndroidDriver.java:1)
	at org.openqa.selenium.remote.RemoteWebDriver.findElementByCssSelector(RemoteWebDriver.java:465)
	at io.appium.java_client.DefaultGenericMobileDriver.findElementByCssSelector(DefaultGenericMobileDriver.java:129)
	at io.appium.java_client.AppiumDriver.findElementByCssSelector(AppiumDriver.java:1)
	at io.appium.java_client.android.AndroidDriver.findElementByCssSelector(AndroidDriver.java:1)
	at org.openqa.selenium.By$ByCssSelector.findElement(By.java:430)
	at org.openqa.selenium.remote.RemoteWebDriver.findElement(RemoteWebDriver.java:360)
	at io.appium.java_client.DefaultGenericMobileDriver.findElement(DefaultGenericMobileDriver.java:58)
	at io.appium.java_client.AppiumDriver.findElement(AppiumDriver.java:1)
	at io.appium.java_client.android.AndroidDriver.findElement(AndroidDriver.java:1)
	at com.common.Common.waitForElementPresent(Common.java:87)
	... 36 more
... Removed 37 stack frames]]>
    </failure>
  </testcase> <!-- release -->
</testsuite> <!-- Test -->
