<?xml version="1.0" encoding="UTF-8" ?>
<testsuite tests="3" failures="2" name="TestSuite" time="52.133" errors="0" skipped="0">
  <properties>
[...]
</properties>
  <testcase classname="com.cases.TestStartCase" name="login" time="40.878">
    <failure message="org.openqa.selenium.NoSuchElementException: An element could not be located on the page using the given search parameters. (WARNING: The server did not provide any stacktrace information)
Command duration or timeout: 512 milliseconds
For documentation on this error, please visit: http://seleniumhq.org/exceptions/no_such_element.html
Build info: version: &apos;3.0.1&apos;, revision: &apos;1969d75&apos;, time: &apos;2016-10-18 09:49:13 -0700&apos;
System info: host: &apos;DESKTOP-272J02D&apos;, ip: &apos;30.87.249.71&apos;, os.name: &apos;Windows 10&apos;, os.arch: &apos;amd64&apos;, os.version: &apos;10.0&apos;, java.version: &apos;1.8.0_151&apos;
Driver info: io.appium.java_client.android.AndroidDriver
Capabilities [{appPackage=com.choicesoft.mobile.ipos, networkConnectionEnabled=true, warnings={}, databaseEnabled=false, deviceName=M101174900850, platform=LINUX, appActivity=.activity.MainActivity, desired={appPackage=com.choicesoft.mobile.ipos, appActivity=.activity.MainActivity, platformVersion=5.1, platformName=Android, deviceName=Android Emulator}, platformVersion=5.1, webStorageEnabled=false, locationContextEnabled=false, browserName=Android, takesScreenshot=true, javascriptEnabled=true, platformName=Android}]
Session ID: fc7a23a6-8297-4a29-8127-931accf18a32
*** Element info: {Using=xpath, value=//android.view.View[@content-desc=&apos;��¼&apos;]}" type="java.lang.Exception">java.lang.Exception: org.openqa.selenium.NoSuchElementException: An element could not be located on the page using the given search parameters. (WARNING: The server did not provide any stacktrace information)
Command duration or timeout: 512 milliseconds
For documentation on this error, please visit: http://seleniumhq.org/exceptions/no_such_element.html
Build info: version: &apos;3.0.1&apos;, revision: &apos;1969d75&apos;, time: &apos;2016-10-18 09:49:13 -0700&apos;
System info: host: &apos;DESKTOP-272J02D&apos;, ip: &apos;30.87.249.71&apos;, os.name: &apos;Windows 10&apos;, os.arch: &apos;amd64&apos;, os.version: &apos;10.0&apos;, java.version: &apos;1.8.0_151&apos;
Driver info: io.appium.java_client.android.AndroidDriver
Capabilities [{appPackage=com.choicesoft.mobile.ipos, networkConnectionEnabled=true, warnings={}, databaseEnabled=false, deviceName=M101174900850, platform=LINUX, appActivity=.activity.MainActivity, desired={appPackage=com.choicesoft.mobile.ipos, appActivity=.activity.MainActivity, platformVersion=5.1, platformName=Android, deviceName=Android Emulator}, platformVersion=5.1, webStorageEnabled=false, locationContextEnabled=false, browserName=Android, takesScreenshot=true, javascriptEnabled=true, platformName=Android}]
Session ID: fc7a23a6-8297-4a29-8127-931accf18a32
*** Element info: {Using=xpath, value=//android.view.View[@content-desc=&apos;��¼&apos;]}
	at com.common.Common.waitForElementPresent(Common.java:94)
	at com.common.Common.clickBtn(Common.java:168)
	at com.base.StartBase.startToLogin(StartBase.java:26)
	at com.cases.TestStartCase.login(TestStartCase.java:28)
Caused by: org.openqa.selenium.NoSuchElementException: An element could not be located on the page using the given search parameters. (WARNING: The server did not provide any stacktrace information)
Command duration or timeout: 512 milliseconds
For documentation on this error, please visit: http://seleniumhq.org/exceptions/no_such_element.html
Build info: version: &apos;3.0.1&apos;, revision: &apos;1969d75&apos;, time: &apos;2016-10-18 09:49:13 -0700&apos;
System info: host: &apos;DESKTOP-272J02D&apos;, ip: &apos;30.87.249.71&apos;, os.name: &apos;Windows 10&apos;, os.arch: &apos;amd64&apos;, os.version: &apos;10.0&apos;, java.version: &apos;1.8.0_151&apos;
Driver info: io.appium.java_client.android.AndroidDriver
Capabilities [{appPackage=com.choicesoft.mobile.ipos, networkConnectionEnabled=true, warnings={}, databaseEnabled=false, deviceName=M101174900850, platform=LINUX, appActivity=.activity.MainActivity, desired={appPackage=com.choicesoft.mobile.ipos, appActivity=.activity.MainActivity, platformVersion=5.1, platformName=Android, deviceName=Android Emulator}, platformVersion=5.1, webStorageEnabled=false, locationContextEnabled=false, browserName=Android, takesScreenshot=true, javascriptEnabled=true, platformName=Android}]
Session ID: fc7a23a6-8297-4a29-8127-931accf18a32
*** Element info: {Using=xpath, value=//android.view.View[@content-desc=&apos;��¼&apos;]}
	at sun.reflect.NativeConstructorAccessorImpl.newInstance0(Native Method)
	at sun.reflect.NativeConstructorAccessorImpl.newInstance(NativeConstructorAccessorImpl.java:62)
	at sun.reflect.DelegatingConstructorAccessorImpl.newInstance(DelegatingConstructorAccessorImpl.java:45)
	at java.lang.reflect.Constructor.newInstance(Constructor.java:423)
	at org.openqa.selenium.remote.ErrorHandler.createThrowable(ErrorHandler.java:216)
	at org.openqa.selenium.remote.ErrorHandler.throwIfResponseFailed(ErrorHandler.java:168)
	at org.openqa.selenium.remote.RemoteWebDriver.execute(RemoteWebDriver.java:635)
	at io.appium.java_client.DefaultGenericMobileDriver.execute(DefaultGenericMobileDriver.java:42)
	at io.appium.java_client.AppiumDriver.execute(AppiumDriver.java:1)
	at io.appium.java_client.android.AndroidDriver.execute(AndroidDriver.java:1)
	at org.openqa.selenium.remote.RemoteWebDriver.findElement(RemoteWebDriver.java:368)
	at io.appium.java_client.DefaultGenericMobileDriver.findElement(DefaultGenericMobileDriver.java:62)
	at io.appium.java_client.AppiumDriver.findElement(AppiumDriver.java:1)
	at io.appium.java_client.android.AndroidDriver.findElement(AndroidDriver.java:1)
	at org.openqa.selenium.remote.RemoteWebDriver.findElementByXPath(RemoteWebDriver.java:473)
	at io.appium.java_client.DefaultGenericMobileDriver.findElementByXPath(DefaultGenericMobileDriver.java:140)
	at io.appium.java_client.AppiumDriver.findElementByXPath(AppiumDriver.java:1)
	at io.appium.java_client.android.AndroidDriver.findElementByXPath(AndroidDriver.java:1)
	at org.openqa.selenium.By$ByXPath.findElement(By.java:361)
	at org.openqa.selenium.remote.RemoteWebDriver.findElement(RemoteWebDriver.java:360)
	at io.appium.java_client.DefaultGenericMobileDriver.findElement(DefaultGenericMobileDriver.java:58)
	at io.appium.java_client.AppiumDriver.findElement(AppiumDriver.java:1)
	at io.appium.java_client.android.AndroidDriver.findElement(AndroidDriver.java:1)
	at com.common.Common.waitForElementPresent(Common.java:87)
	... 36 more
</failure>
    <system-out>??????context???????NATIVE_APP
??????context???????WEBVIEW_com.choicesoft.mobile.ipos
Switch sucessfully!
??????????&lt;!DOCTYPE html&gt;&lt;html xmlns=&quot;http://www.w3.org/1999/xhtml&quot;&gt;&lt;head&gt;&lt;meta charset=&quot;utf-8&quot; /&gt;&lt;meta content=&quot;width=device-width,initial-scale=1,maximum-scale=1,minimum-scale=1,user-scalable=0&quot; name=&quot;viewport&quot; /&gt;&lt;meta http-equiv=&quot;Pragma&quot; content=&quot;no-cache&quot; /&gt;&lt;meta http-equiv=&quot;Cache-Control&quot; content=&quot;no-store&quot; /&gt;&lt;title&gt;诺果云&lt;/title&gt;&lt;link rel=&quot;stylesheet&quot; href=&quot;static/lib/weui/weui.min.css&quot; /&gt;&lt;link href=&quot;static/css/app.175dcd84ce7d70347d80e88634a1069b.css&quot; rel=&quot;stylesheet&quot; /&gt;&lt;style type=&quot;text/css&quot;&gt;.loading-wave-dots[_v-34d8cf3a]{position:relative}.loading-wave-dots[_v-34d8cf3a]:before{content:&quot;&quot;;position:absolute;top:50%;left:50%;margin-left:-4px;margin-top:-4px;width:8px;height:8px;background-color:#bbb;border-radius:50%;-webkit-animation:linear loading-wave-dots 2.8s infinite;animation:linear loading-wave-dots 2.8s infinite}@-webkit-keyframes loading-wave-dots{0%{box-shadow:-32px 0 0 #bbb,-16px 0 0 #bbb,16px 0 0 #bbb,32px 0 0 #bbb}5%{box-shadow:-32px -4px 0 #bbb,-16px 0 0 #bbb,16px 0 0 #bbb,32px 0 0 #bbb;-webkit-transform:translateY(0);transform:translateY(0)}10%{box-shadow:-32px -6px 0 #999,-16px -4px 0 #bbb,16px 0 0 #bbb,32px 0 0 #bbb;-webkit-transform:translateY(0);transform:translateY(0)}15%{box-shadow:-32px 2px 0 #bbb,-16px -2px 0 #999,16px 4px 0 #bbb,32px 4px 0 #bbb;-webkit-transform:translateY(-4px);transform:translateY(-4px);background-color:#bbb}20%{box-shadow:-32px 6px 0 #bbb,-16px 4px 0 #bbb,16px 2px 0 #bbb,32px 6px 0 #bbb;-webkit-transform:translateY(-6px);transform:translateY(-6px);background-color:#999}25%{box-shadow:-32px 2px 0 #bbb,-16px 2px 0 #bbb,16px -4px 0 #999,32px -2px 0 #bbb;-webkit-transform:translateY(-2px);transform:translateY(-2px);background-color:#bbb}30%{box-shadow:-32px 0 0 #bbb,-16px 0 0 #bbb,16px -2px 0 #bbb,32px -6px 0 #999;-webkit-transform:translateY(0);transform:translateY(0)}35%{box-shadow:-32px 0 0 #bbb,-16px 0 0 #bbb,16px 0 0 #bbb,32px -2px 0 #bbb}40%{box-shadow:-32px 0 0 #bbb,-16px 0 0 #bbb,16px 0 0 #bbb,32px 0 0 #bbb}to{box-shadow:-32px 0 0 #bbb,-16px 0 0 #bbb,16px 0 0 #bbb,32px 0 0 #bbb}}@keyframes loading-wave-dots{0%{box-shadow:-32px 0 0 #bbb,-16px 0 0 #bbb,16px 0 0 #bbb,32px 0 0 #bbb}5%{box-shadow:-32px -4px 0 #bbb,-16px 0 0 #bbb,16px 0 0 #bbb,32px 0 0 #bbb;-webkit-transform:translateY(0);transform:translateY(0)}10%{box-shadow:-32px -6px 0 #999,-16px -4px 0 #bbb,16px 0 0 #bbb,32px 0 0 #bbb;-webkit-transform:translateY(0);transform:translateY(0)}15%{box-shadow:-32px 2px 0 #bbb,-16px -2px 0 #999,16px 4px 0 #bbb,32px 4px 0 #bbb;-webkit-transform:translateY(-4px);transform:translateY(-4px);background-color:#bbb}20%{box-shadow:-32px 6px 0 #bbb,-16px 4px 0 #bbb,16px 2px 0 #bbb,32px 6px 0 #bbb;-webkit-transform:translateY(-6px);transform:translateY(-6px);background-color:#999}25%{box-shadow:-32px 2px 0 #bbb,-16px 2px 0 #bbb,16px -4px 0 #999,32px -2px 0 #bbb;-webkit-transform:translateY(-2px);transform:translateY(-2px);background-color:#bbb}30%{box-shadow:-32px 0 0 #bbb,-16px 0 0 #bbb,16px -2px 0 #bbb,32px -6px 0 #999;-webkit-transform:translateY(0);transform:translateY(0)}35%{box-shadow:-32px 0 0 #bbb,-16px 0 0 #bbb,16px 0 0 #bbb,32px -2px 0 #bbb}40%{box-shadow:-32px 0 0 #bbb,-16px 0 0 #bbb,16px 0 0 #bbb,32px 0 0 #bbb}to{box-shadow:-32px 0 0 #bbb,-16px 0 0 #bbb,16px 0 0 #bbb,32px 0 0 #bbb}}.loading-circles[_v-34d8cf3a]{position:relative}.loading-circles[_v-34d8cf3a]:before{content:&quot;&quot;;position:absolute;left:50%;top:50%;margin-top:-2.5px;margin-left:-2.5px;width:5px;height:5px;border-radius:50%;-webkit-animation:linear loading-circles .75s infinite;animation:linear loading-circles .75s infinite}@-webkit-keyframes loading-circles{0%{box-shadow:0 -12px 0 #505050,8.52px -8.52px 0 #646464,12px 0 0 #797979,8.52px 8.52px 0 #8d8d8d,0 12px 0 #a2a2a2,-8.52px 8.52px 0 #b6b6b6,-12px 0 0 #cacaca,-8.52px -8.52px 0 #dfdfdf}12.5%{box-shadow:0 -12px 0 #dfdfdf,8.52px -8.52px 0 #505050,12px 0 0 #646464,8.52px 8.52px 0 #797979,0 12px 0 #8d8d8d,-8.52px 8.52px 0 #a2a2a2,-12px 0 0 #b6b6b6,-8.52px -8.52px 0 #cacaca}25%{box-shadow:0 -12px 0 #cacaca,8.52px -8.52px 0 #dfdfdf,12px 0 0 #505050,8.52px 8.52px 0 #646464,0 12px 0 #797979,-8.52px 8.52px 0 #8d8d8d,-12px 0 0 #a2a2a2,-8.52px -8.52px 0 #b6b6b6}37.5%{box-shadow:0 -12px 0 #b6b6b6,8.52px -8.52px 0 #cacaca,12px 0 0 #dfdfdf,8.52px 8.52px 0 #505050,0 12px 0 #646464,-8.52px 8.52px 0 #797979,-12px 0 0 #8d8d8d,-8.52px -8.52px 0 #a2a2a2}50%{box-shadow:0 -12px 0 #a2a2a2,8.52px -8.52px 0 #b6b6b6,12px 0 0 #cacaca,8.52px 8.52px 0 #dfdfdf,0 12px 0 #505050,-8.52px 8.52px 0 #646464,-12px 0 0 #797979,-8.52px -8.52px 0 #8d8d8d}62.5%{box-shadow:0 -12px 0 #8d8d8d,8.52px -8.52px 0 #a2a2a2,12px 0 0 #b6b6b6,8.52px 8.52px 0 #cacaca,0 12px 0 #dfdfdf,-8.52px 8.52px 0 #505050,-12px 0 0 #646464,-8.52px -8.52px 0 #797979}75%{box-shadow:0 -12px 0 #797979,8.52px -8.52px 0 #8d8d8d,12px 0 0 #a2a2a2,8.52px 8.52px 0 #b6b6b6,0 12px 0 #cacaca,-8.52px 8.52px 0 #dfdfdf,-12px 0 0 #505050,-8.52px -8.52px 0 #646464}87.5%{box-shadow:0 -12px 0 #646464,8.52px -8.52px 0 #797979,12px 0 0 #8d8d8d,8.52px 8.52px 0 #a2a2a2,0 12px 0 #b6b6b6,-8.52px 8.52px 0 #cacaca,-12px 0 0 #dfdfdf,-8.52px -8.52px 0 #505050}to{box-shadow:0 -12px 0 #505050,8.52px -8.52px 0 #646464,12px 0 0 #797979,8.52px 8.52px 0 #8d8d8d,0 12px 0 #a2a2a2,-8.52px 8.52px 0 #b6b6b6,-12px 0 0 #cacaca,-8.52px -8.52px 0 #dfdfdf}}@keyframes loading-circles{0%{box-shadow:0 -12px 0 #505050,8.52px -8.52px 0 #646464,12px 0 0 #797979,8.52px 8.52px 0 #8d8d8d,0 12px 0 #a2a2a2,-8.52px 8.52px 0 #b6b6b6,-12px 0 0 #cacaca,-8.52px -8.52px 0 #dfdfdf}12.5%{box-shadow:0 -12px 0 #dfdfdf,8.52px -8.52px 0 #505050,12px 0 0 #646464,8.52px 8.52px 0 #797979,0 12px 0 #8d8d8d,-8.52px 8.52px 0 #a2a2a2,-12px 0 0 #b6b6b6,-8.52px -8.52px 0 #cacaca}25%{box-shadow:0 -12px 0 #cacaca,8.52px -8.52px 0 #dfdfdf,12px 0 0 #505050,8.52px 8.52px 0 #646464,0 12px 0 #797979,-8.52px 8.52px 0 #8d8d8d,-12px 0 0 #a2a2a2,-8.52px -8.52px 0 #b6b6b6}37.5%{box-shadow:0 -12px 0 #b6b6b6,8.52px -8.52px 0 #cacaca,12px 0 0 #dfdfdf,8.52px 8.52px 0 #505050,0 12px 0 #646464,-8.52px 8.52px 0 #797979,-12px 0 0 #8d8d8d,-8.52px -8.52px 0 #a2a2a2}50%{box-shadow:0 -12px 0 #a2a2a2,8.52px -8.52px 0 #b6b6b6,12px 0 0 #cacaca,8.52px 8.52px 0 #dfdfdf,0 12px 0 #505050,-8.52px 8.52px 0 #646464,-12px 0 0 #797979,-8.52px -8.52px 0 #8d8d8d}62.5%{box-shadow:0 -12px 0 #8d8d8d,8.52px -8.52px 0 #a2a2a2,12px 0 0 #b6b6b6,8.52px 8.52px 0 #cacaca,0 12px 0 #dfdfdf,-8.52px 8.52px 0 #505050,-12px 0 0 #646464,-8.52px -8.52px 0 #797979}75%{box-shadow:0 -12px 0 #797979,8.52px -8.52px 0 #8d8d8d,12px 0 0 #a2a2a2,8.52px 8.52px 0 #b6b6b6,0 12px 0 #cacaca,-8.52px 8.52px 0 #dfdfdf,-12px 0 0 #505050,-8.52px -8.52px 0 #646464}87.5%{box-shadow:0 -12px 0 #646464,8.52px -8.52px 0 #797979,12px 0 0 #8d8d8d,8.52px 8.52px 0 #a2a2a2,0 12px 0 #b6b6b6,-8.52px 8.52px 0 #cacaca,-12px 0 0 #dfdfdf,-8.52px -8.52px 0 #505050}to{box-shadow:0 -12px 0 #505050,8.52px -8.52px 0 #646464,12px 0 0 #797979,8.52px 8.52px 0 #8d8d8d,0 12px 0 #a2a2a2,-8.52px 8.52px 0 #b6b6b6,-12px 0 0 #cacaca,-8.52px -8.52px 0 #dfdfdf}}.loading-bubbles[_v-34d8cf3a]{position:relative}.loading-bubbles[_v-34d8cf3a]:before{content:&quot;&quot;;position:absolute;left:50%;top:50%;margin-top:-.5px;margin-left:-.5px;width:1px;height:1px;border-radius:50%;-webkit-animation:linear loading-bubbles .85s infinite;animation:linear loading-bubbles .85s infinite}@-webkit-keyframes loading-bubbles{0%{box-shadow:0 -12px 0 .4px #666,8.52px -8.52px 0 .8px #666,12px 0 0 1.2px #666,8.52px 8.52px 0 1.6px #666,0 12px 0 2px #666,-8.52px 8.52px 0 2.4px #666,-12px 0 0 2.8px #666,-8.52px -8.52px 0 3.2px #666}12.5%{box-shadow:0 -12px 0 3.2px #666,8.52px -8.52px 0 .4px #666,12px 0 0 .8px #666,8.52px 8.52px 0 1.2px #666,0 12px 0 1.6px #666,-8.52px 8.52px 0 2px #666,-12px 0 0 2.4px #666,-8.52px -8.52px 0 2.8px #666}25%{box-shadow:0 -12px 0 2.8px #666,8.52px -8.52px 0 3.2px #666,12px 0 0 .4px #666,8.52px 8.52px 0 .8px #666,0 12px 0 1.2px #666,-8.52px 8.52px 0 1.6px #666,-12px 0 0 2px #666,-8.52px -8.52px 0 2.4px #666}37.5%{box-shadow:0 -12px 0 2.4px #666,8.52px -8.52px 0 2.8px #666,12px 0 0 3.2px #666,8.52px 8.52px 0 .4px #666,0 12px 0 .8px #666,-8.52px 8.52px 0 1.2px #666,-12px 0 0 1.6px #666,-8.52px -8.52px 0 2px #666}50%{box-shadow:0 -12px 0 2px #666,8.52px -8.52px 0 2.4px #666,12px 0 0 2.8px #666,8.52px 8.52px 0 3.2px #666,0 12px 0 .4px #666,-8.52px 8.52px 0 .8px #666,-12px 0 0 1.2px #666,-8.52px -8.52px 0 1.6px #666}62.5%{box-shadow:0 -12px 0 1.6px #666,8.52px -8.52px 0 2px #666,12px 0 0 2.4px #666,8.52px 8.52px 0 2.8px #666,0 12px 0 3.2px #666,-8.52px 8.52px 0 .4px #666,-12px 0 0 .8px #666,-8.52px -8.52px 0 1.2px #666}75%{box-shadow:0 -12px 0 1.2px #666,8.52px -8.52px 0 1.6px #666,12px 0 0 2px #666,8.52px 8.52px 0 2.4px #666,0 12px 0 2.8px #666,-8.52px 8.52px 0 3.2px #666,-12px 0 0 .4px #666,-8.52px -8.52px 0 .8px #666}87.5%{box-shadow:0 -12px 0 .8px #666,8.52px -8.52px 0 1.2px #666,12px 0 0 1.6px #666,8.52px 8.52px 0 2px #666,0 12px 0 2.4px #666,-8.52px 8.52px 0 2.8px #666,-12px 0 0 3.2px #666,-8.52px -8.52px 0 .4px #666}to{box-shadow:0 -12px 0 .4px #666,8.52px -8.52px 0 .8px #666,12px 0 0 1.2px #666,8.52px 8.52px 0 1.6px #666,0 12px 0 2px #666,-8.52px 8.52px 0 2.4px #666,-12px 0 0 2.8px #666,-8.52px -8.52px 0 3.2px #666}}@keyframes loading-bubbles{0%{box-shadow:0 -12px 0 .4px #666,8.52px -8.52px 0 .8px #666,12px 0 0 1.2px #666,8.52px 8.52px 0 1.6px #666,0 12px 0 2px #666,-8.52px 8.52px 0 2.4px #666,-12px 0 0 2.8px #666,-8.52px -8.52px 0 3.2px #666}12.5%{box-shadow:0 -12px 0 3.2px #666,8.52px -8.52px 0 .4px #666,12px 0 0 .8px #666,8.52px 8.52px 0 1.2px #666,0 12px 0 1.6px #666,-8.52px 8.52px 0 2px #666,-12px 0 0 2.4px #666,-8.52px -8.52px 0 2.8px #666}25%{box-shadow:0 -12px 0 2.8px #666,8.52px -8.52px 0 3.2px #666,12px 0 0 .4px #666,8.52px 8.52px 0 .8px #666,0 12px 0 1.2px #666,-8.52px 8.52px 0 1.6px #666,-12px 0 0 2px #666,-8.52px -8.52px 0 2.4px #666}37.5%{box-shadow:0 -12px 0 2.4px #666,8.52px -8.52px 0 2.8px #666,12px 0 0 3.2px #666,8.52px 8.52px 0 .4px #666,0 12px 0 .8px #666,-8.52px 8.52px 0 1.2px #666,-12px 0 0 1.6px #666,-8.52px -8.52px 0 2px #666}50%{box-shadow:0 -12px 0 2px #666,8.52px -8.52px 0 2.4px #666,12px 0 0 2.8px #666,8.52px 8.52px 0 3.2px #666,0 12px 0 .4px #666,-8.52px 8.52px 0 .8px #666,-12px 0 0 1.2px #666,-8.52px -8.52px 0 1.6px #666}62.5%{box-shadow:0 -12px 0 1.6px #666,8.52px -8.52px 0 2px #666,12px 0 0 2.4px #666,8.52px 8.52px 0 2.8px #666,0 12px 0 3.2px #666,-8.52px 8.52px 0 .4px #666,-12px 0 0 .8px #666,-8.52px -8.52px 0 1.2px #666}75%{box-shadow:0 -12px 0 1.2px #666,8.52px -8.52px 0 1.6px #666,12px 0 0 2px #666,8.52px 8.52px 0 2.4px #666,0 12px 0 2.8px #666,-8.52px 8.52px 0 3.2px #666,-12px 0 0 .4px #666,-8.52px -8.52px 0 .8px #666}87.5%{box-shadow:0 -12px 0 .8px #666,8.52px -8.52px 0 1.2px #666,12px 0 0 1.6px #666,8.52px 8.52px 0 2px #666,0 12px 0 2.4px #666,-8.52px 8.52px 0 2.8px #666,-12px 0 0 3.2px #666,-8.52px -8.52px 0 .4px #666}to{box-shadow:0 -12px 0 .4px #666,8.52px -8.52px 0 .8px #666,12px 0 0 1.2px #666,8.52px 8.52px 0 1.6px #666,0 12px 0 2px #666,-8.52px 8.52px 0 2.4px #666,-12px 0 0 2.8px #666,-8.52px -8.52px 0 3.2px #666}}.loading-default[_v-34d8cf3a]{position:relative;border:1px solid #999;-webkit-animation:ease loading-rotating 1.5s infinite;animation:ease loading-rotating 1.5s infinite}.loading-default[_v-34d8cf3a]:before{content:&quot;&quot;;position:absolute;display:block;top:0;left:50%;margin-top:-3px;margin-left:-3px;width:6px;height:6px;background-color:#999;border-radius:50%}.loading-spiral[_v-34d8cf3a]{border:2px solid #777;border-right-color:transparent;-webkit-animation:linear loading-rotating .85s infinite;animation:linear loading-rotating .85s infinite}@-webkit-keyframes loading-rotating{0%{-webkit-transform:rotate(0);transform:rotate(0)}to{-webkit-transform:rotate(1turn);transform:rotate(1turn)}}@keyframes loading-rotating{0%{-webkit-transform:rotate(0);transform:rotate(0)}to{-webkit-transform:rotate(1turn);transform:rotate(1turn)}}.infinite-loading-container[_v-34d8cf3a]{clear:both;text-align:center}.infinite-loading-container [class^=loading-][_v-34d8cf3a]{display:inline-block;margin:15px 0;width:28px;height:28px;font-size:28px;line-height:28px;border-radius:50%}.infinite-status-prompt[_v-34d8cf3a]{color:#666;font-size:14px;text-align:center;padding:10px 0}&lt;/style&gt;&lt;/head&gt;&lt;body&gt;&lt;div class=&quot;page-layout bg&quot; _v-0bdd0eab=&quot;&quot;&gt; &lt;div class=&quot;page-header&quot; _v-0bdd0eab=&quot;&quot;&gt; &lt;div class=&quot;vux-header&quot; _v-0bdd0eab=&quot;&quot; s-transparent=&quot;&quot;&gt; &lt;div class=&quot;vux-header-left&quot;&gt; &lt;a class=&quot;vux-header-back v-transition&quot; style=&quot;display: none;&quot;&gt;&lt;/a&gt;  &lt;/div&gt; &lt;h1 class=&quot;vux-header-title&quot;&gt;&lt;span class=&quot;v-transition&quot; style=&quot;display: none;&quot;&gt;&lt;/span&gt; 账户绑定 &lt;/h1&gt; &lt;div class=&quot;vux-header-right&quot;&gt;   &lt;/div&gt; &lt;/div&gt; &lt;/div&gt; &lt;div class=&quot;page-container&quot; _v-0bdd0eab=&quot;&quot;&gt; &lt;div class=&quot;dialog&quot; _v-0bdd0eab=&quot;&quot;&gt; &lt;div class=&quot;input-group&quot; _v-0bdd0eab=&quot;&quot;&gt; &lt;label class=&quot;icon-box&quot; for=&quot;userAccount&quot; _v-0bdd0eab=&quot;&quot;&gt; &lt;i class=&quot;icon-user&quot; _v-0bdd0eab=&quot;&quot;&gt;&lt;/i&gt; &lt;/label&gt; &lt;div class=&quot;input-box&quot; _v-0bdd0eab=&quot;&quot;&gt; &lt;input id=&quot;userAccount&quot; autofocus=&quot;&quot; maxlength=&quot;11&quot; placeholder=&quot;请输入用户名&quot; _v-0bdd0eab=&quot;&quot; /&gt; &lt;i class=&quot;weui_icon weui_icon_clear input-clear&quot; _v-0bdd0eab=&quot;&quot; style=&quot;display: none; touch-action: manipulation; -webkit-user-select: none; -webkit-user-drag: none; -webkit-tap-highlight-color: rgba(0, 0, 0, 0);&quot;&gt;&lt;/i&gt; &lt;/div&gt; &lt;/div&gt; &lt;div class=&quot;input-group&quot; _v-0bdd0eab=&quot;&quot;&gt; &lt;label class=&quot;icon-box&quot; for=&quot;userPwd&quot; _v-0bdd0eab=&quot;&quot;&gt; &lt;i class=&quot;icon-pwd&quot; _v-0bdd0eab=&quot;&quot;&gt;&lt;/i&gt; &lt;/label&gt; &lt;div class=&quot;input-box&quot; _v-0bdd0eab=&quot;&quot;&gt; &lt;input id=&quot;userPwd&quot; type=&quot;password&quot; placeholder=&quot;请输入密码&quot; _v-0bdd0eab=&quot;&quot; /&gt; &lt;i class=&quot;weui_icon weui_icon_clear input-clear&quot; _v-0bdd0eab=&quot;&quot; style=&quot;display: none; touch-action: manipulation; -webkit-user-select: none; -webkit-user-drag: none; -webkit-tap-highlight-color: rgba(0, 0, 0, 0);&quot;&gt;&lt;/i&gt; &lt;/div&gt; &lt;/div&gt;  &lt;div class=&quot;group mt&quot; _v-0bdd0eab=&quot;&quot;&gt; &lt;button class=&quot;weui_btn weui_btn_warn weui-btn_main&quot; _v-0bdd0eab=&quot;&quot; style=&quot;touch-action: manipulation; -webkit-user-select: none; -webkit-user-drag: none; -webkit-tap-highlight-color: rgba(0, 0, 0, 0);&quot;&gt; 确定 &lt;/button&gt; &lt;/div&gt; &lt;/div&gt; &lt;/div&gt; &lt;div class=&quot;weui_loading_toast&quot; _v-0bdd0eab=&quot;&quot; style=&quot;display: none;&quot;&gt; &lt;div class=&quot;weui_mask_transparent&quot;&gt;&lt;/div&gt; &lt;div class=&quot;weui_toast&quot;&gt; &lt;div class=&quot;weui_loading&quot;&gt; &lt;div class=&quot;weui_loading_leaf weui_loading_leaf_0&quot;&gt;&lt;/div&gt;&lt;div class=&quot;weui_loading_leaf weui_loading_leaf_1&quot;&gt;&lt;/div&gt;&lt;div class=&quot;weui_loading_leaf weui_loading_leaf_2&quot;&gt;&lt;/div&gt;&lt;div class=&quot;weui_loading_leaf weui_loading_leaf_3&quot;&gt;&lt;/div&gt;&lt;div class=&quot;weui_loading_leaf weui_loading_leaf_4&quot;&gt;&lt;/div&gt;&lt;div class=&quot;weui_loading_leaf weui_loading_leaf_5&quot;&gt;&lt;/div&gt;&lt;div class=&quot;weui_loading_leaf weui_loading_leaf_6&quot;&gt;&lt;/div&gt;&lt;div class=&quot;weui_loading_leaf weui_loading_leaf_7&quot;&gt;&lt;/div&gt;&lt;div class=&quot;weui_loading_leaf weui_loading_leaf_8&quot;&gt;&lt;/div&gt;&lt;div class=&quot;weui_loading_leaf weui_loading_leaf_9&quot;&gt;&lt;/div&gt;&lt;div class=&quot;weui_loading_leaf weui_loading_leaf_10&quot;&gt;&lt;/div&gt;&lt;div class=&quot;weui_loading_leaf weui_loading_leaf_11&quot;&gt;&lt;/div&gt; &lt;/div&gt; &lt;p class=&quot;weui_toast_content&quot;&gt;正在加载...&lt;/p&gt; &lt;/div&gt; &lt;/div&gt; //加载loading 图标 没有网络的情况下进行加载 &lt;/div&gt; &lt;div class=&quot;keyboard&quot; _v-97d5fc24=&quot;&quot; _v-0bdd0eab=&quot;&quot;&gt; &lt;ul _v-97d5fc24=&quot;&quot;&gt; &lt;li _v-97d5fc24=&quot;&quot; style=&quot;touch-action: manipulation; -webkit-user-select: none; -webkit-user-drag: none; -webkit-tap-highlight-color: rgba(0, 0, 0, 0);&quot;&gt; &lt;span _v-97d5fc24=&quot;&quot;&gt;1&lt;/span&gt; &lt;/li&gt;&lt;li _v-97d5fc24=&quot;&quot; style=&quot;touch-action: manipulation; -webkit-user-select: none; -webkit-user-drag: none; -webkit-tap-highlight-color: rgba(0, 0, 0, 0);&quot;&gt; &lt;span _v-97d5fc24=&quot;&quot;&gt;2&lt;/span&gt; &lt;/li&gt;&lt;li _v-97d5fc24=&quot;&quot; style=&quot;touch-action: manipulation; -webkit-user-select: none; -webkit-user-drag: none; -webkit-tap-highlight-color: rgba(0, 0, 0, 0);&quot;&gt; &lt;span _v-97d5fc24=&quot;&quot;&gt;3&lt;/span&gt; &lt;/li&gt;&lt;li _v-97d5fc24=&quot;&quot; style=&quot;touch-action: manipulation; -webkit-user-select: none; -webkit-user-drag: none; -webkit-tap-highlight-color: rgba(0, 0, 0, 0);&quot;&gt; &lt;span _v-97d5fc24=&quot;&quot;&gt;4&lt;/span&gt; &lt;/li&gt;&lt;li _v-97d5fc24=&quot;&quot; style=&quot;touch-action: manipulation; -webkit-user-select: none; -webkit-user-drag: none; -webkit-tap-highlight-color: rgba(0, 0, 0, 0);&quot;&gt; &lt;span _v-97d5fc24=&quot;&quot;&gt;5&lt;/span&gt; &lt;/li&gt;&lt;li _v-97d5fc24=&quot;&quot; style=&quot;touch-action: manipulation; -webkit-user-select: none; -webkit-user-drag: none; -webkit-tap-highlight-color: rgba(0, 0, 0, 0);&quot;&gt; &lt;span _v-97d5fc24=&quot;&quot;&gt;6&lt;/span&gt; &lt;/li&gt;&lt;li _v-97d5fc24=&quot;&quot; style=&quot;touch-action: manipulation; -webkit-user-select: none; -webkit-user-drag: none; -webkit-tap-highlight-color: rgba(0, 0, 0, 0);&quot;&gt; &lt;span _v-97d5fc24=&quot;&quot;&gt;7&lt;/span&gt; &lt;/li&gt;&lt;li _v-97d5fc24=&quot;&quot; style=&quot;touch-action: manipulation; -webkit-user-select: none; -webkit-user-drag: none; -webkit-tap-highlight-color: rgba(0, 0, 0, 0);&quot;&gt; &lt;span _v-97d5fc24=&quot;&quot;&gt;8&lt;/span&gt; &lt;/li&gt;&lt;li _v-97d5fc24=&quot;&quot; style=&quot;touch-action: manipulation; -webkit-user-select: none; -webkit-user-drag: none; -webkit-tap-highlight-color: rgba(0, 0, 0, 0);&quot;&gt; &lt;span _v-97d5fc24=&quot;&quot;&gt;9&lt;/span&gt; &lt;/li&gt;&lt;li _v-97d5fc24=&quot;&quot; class=&quot;dot&quot; style=&quot;touch-action: manipulation; -webkit-user-select: none; -webkit-user-drag: none; -webkit-tap-highlight-color: rgba(0, 0, 0, 0);&quot;&gt; &lt;span _v-97d5fc24=&quot;&quot;&gt;&lt;/span&gt; &lt;/li&gt;&lt;li _v-97d5fc24=&quot;&quot; style=&quot;touch-action: manipulation; -webkit-user-select: none; -webkit-user-drag: none; -webkit-tap-highlight-color: rgba(0, 0, 0, 0);&quot;&gt; &lt;span _v-97d5fc24=&quot;&quot;&gt;0&lt;/span&gt; &lt;/li&gt;&lt;li _v-97d5fc24=&quot;&quot; class=&quot;delete&quot; style=&quot;touch-action: manipulation; -webkit-user-select: none; -webkit-user-drag: none; -webkit-tap-highlight-color: rgba(0, 0, 0, 0);&quot;&gt; &lt;span _v-97d5fc24=&quot;&quot;&gt;Delete&lt;/span&gt; &lt;/li&gt; &lt;/ul&gt; &lt;/div&gt; &lt;div class=&quot;vux-toast&quot;&gt; &lt;div class=&quot;weui_mask_transparent&quot; style=&quot;display: none;&quot;&gt;&lt;/div&gt; &lt;div class=&quot;weui_toast vux-fade-transition weui_toast_text&quot; style=&quot;width: 95%; display: none;&quot;&gt; &lt;i class=&quot;weui_icon_toast&quot; style=&quot;display: none;&quot;&gt;&lt;/i&gt; &lt;p class=&quot;weui_toast_content&quot;&gt;&lt;/p&gt;  &lt;/div&gt; &lt;/div&gt;&lt;script src=&quot;static/lib/jquery/jquery-3.1.0.min.js&quot; charset=&quot;utf-8&quot;&gt;&lt;/script&gt;&lt;script src=&quot;static/lib/Umeng.js&quot;&gt;&lt;/script&gt;&lt;script src=&quot;static/lib/qrcode.min.js&quot;&gt;&lt;/script&gt;&lt;script&gt;&lt;/script&gt;&lt;script type=&quot;text/javascript&quot; src=&quot;static/js/manifest.4a512237602a6420fbb6.js&quot;&gt;&lt;/script&gt;&lt;script type=&quot;text/javascript&quot; src=&quot;static/js/vendor.c8119589028b74f87304.js&quot;&gt;&lt;/script&gt;&lt;script type=&quot;text/javascript&quot; src=&quot;static/js/app.fe7fc11108a4ec3c4de5.js&quot;&gt;&lt;/script&gt;&lt;/body&gt;&lt;/html&gt;
</system-out>
    <system-err>一月 10, 2018 5:11:17 下午 org.openqa.selenium.remote.ProtocolHandshake createSession
信息: Attempting bi-dialect session, assuming Postel&apos;s Law holds true on the remote end
一月 10, 2018 5:11:27 下午 org.openqa.selenium.remote.ProtocolHandshake createSession
信息: Detected dialect: OSS
[Log] [ERROR] Element no find!
</system-err>
  </testcase>
  <testcase classname="com.cases.TestStartCase" name="sync" time="4.002"/>
  <testcase classname="com.cases.TestStartCase" name="release" time="7.253">
    <failure message="org.openqa.selenium.UnsupportedCommandException: Invalid locator strategy: css selector (WARNING: The server did not provide any stacktrace information)
Command duration or timeout: 17 milliseconds
Build info: version: &apos;3.0.1&apos;, revision: &apos;1969d75&apos;, time: &apos;2016-10-18 09:49:13 -0700&apos;
System info: host: &apos;DESKTOP-272J02D&apos;, ip: &apos;30.87.249.71&apos;, os.name: &apos;Windows 10&apos;, os.arch: &apos;amd64&apos;, os.version: &apos;10.0&apos;, java.version: &apos;1.8.0_151&apos;
Driver info: io.appium.java_client.android.AndroidDriver
Capabilities [{appPackage=com.choicesoft.mobile.ipos, networkConnectionEnabled=true, warnings={}, databaseEnabled=false, deviceName=M101174900850, platform=LINUX, appActivity=.activity.MainActivity, desired={appPackage=com.choicesoft.mobile.ipos, appActivity=.activity.MainActivity, platformVersion=5.1, platformName=Android, deviceName=Android Emulator}, platformVersion=5.1, webStorageEnabled=false, locationContextEnabled=false, browserName=Android, takesScreenshot=true, javascriptEnabled=true, platformName=Android}]
Session ID: fc7a23a6-8297-4a29-8127-931accf18a32
*** Element info: {Using=css selector, value=.vux-header-back.v-transition}" type="java.lang.Exception">java.lang.Exception: org.openqa.selenium.UnsupportedCommandException: Invalid locator strategy: css selector (WARNING: The server did not provide any stacktrace information)
Command duration or timeout: 17 milliseconds
Build info: version: &apos;3.0.1&apos;, revision: &apos;1969d75&apos;, time: &apos;2016-10-18 09:49:13 -0700&apos;
System info: host: &apos;DESKTOP-272J02D&apos;, ip: &apos;30.87.249.71&apos;, os.name: &apos;Windows 10&apos;, os.arch: &apos;amd64&apos;, os.version: &apos;10.0&apos;, java.version: &apos;1.8.0_151&apos;
Driver info: io.appium.java_client.android.AndroidDriver
Capabilities [{appPackage=com.choicesoft.mobile.ipos, networkConnectionEnabled=true, warnings={}, databaseEnabled=false, deviceName=M101174900850, platform=LINUX, appActivity=.activity.MainActivity, desired={appPackage=com.choicesoft.mobile.ipos, appActivity=.activity.MainActivity, platformVersion=5.1, platformName=Android, deviceName=Android Emulator}, platformVersion=5.1, webStorageEnabled=false, locationContextEnabled=false, browserName=Android, takesScreenshot=true, javascriptEnabled=true, platformName=Android}]
Session ID: fc7a23a6-8297-4a29-8127-931accf18a32
*** Element info: {Using=css selector, value=.vux-header-back.v-transition}
	at com.common.Common.waitForElementPresent(Common.java:94)
	at com.common.Common.clickBtn(Common.java:168)
	at com.base.StartBase.startToLogout(StartBase.java:49)
	at com.cases.TestStartCase.release(TestStartCase.java:61)
Caused by: org.openqa.selenium.UnsupportedCommandException: Invalid locator strategy: css selector (WARNING: The server did not provide any stacktrace information)
Command duration or timeout: 17 milliseconds
Build info: version: &apos;3.0.1&apos;, revision: &apos;1969d75&apos;, time: &apos;2016-10-18 09:49:13 -0700&apos;
System info: host: &apos;DESKTOP-272J02D&apos;, ip: &apos;30.87.249.71&apos;, os.name: &apos;Windows 10&apos;, os.arch: &apos;amd64&apos;, os.version: &apos;10.0&apos;, java.version: &apos;1.8.0_151&apos;
Driver info: io.appium.java_client.android.AndroidDriver
Capabilities [{appPackage=com.choicesoft.mobile.ipos, networkConnectionEnabled=true, warnings={}, databaseEnabled=false, deviceName=M101174900850, platform=LINUX, appActivity=.activity.MainActivity, desired={appPackage=com.choicesoft.mobile.ipos, appActivity=.activity.MainActivity, platformVersion=5.1, platformName=Android, deviceName=Android Emulator}, platformVersion=5.1, webStorageEnabled=false, locationContextEnabled=false, browserName=Android, takesScreenshot=true, javascriptEnabled=true, platformName=Android}]
Session ID: fc7a23a6-8297-4a29-8127-931accf18a32
*** Element info: {Using=css selector, value=.vux-header-back.v-transition}
	at sun.reflect.NativeConstructorAccessorImpl.newInstance0(Native Method)
	at sun.reflect.NativeConstructorAccessorImpl.newInstance(NativeConstructorAccessorImpl.java:62)
	at sun.reflect.DelegatingConstructorAccessorImpl.newInstance(DelegatingConstructorAccessorImpl.java:45)
	at java.lang.reflect.Constructor.newInstance(Constructor.java:423)
	at org.openqa.selenium.remote.ErrorHandler.createThrowable(ErrorHandler.java:216)
	at org.openqa.selenium.remote.ErrorHandler.throwIfResponseFailed(ErrorHandler.java:168)
	at org.openqa.selenium.remote.RemoteWebDriver.execute(RemoteWebDriver.java:635)
	at io.appium.java_client.DefaultGenericMobileDriver.execute(DefaultGenericMobileDriver.java:42)
	at io.appium.java_client.AppiumDriver.execute(AppiumDriver.java:1)
	at io.appium.java_client.android.AndroidDriver.execute(AndroidDriver.java:1)
	at org.openqa.selenium.remote.RemoteWebDriver.findElement(RemoteWebDriver.java:368)
	at io.appium.java_client.DefaultGenericMobileDriver.findElement(DefaultGenericMobileDriver.java:62)
	at io.appium.java_client.AppiumDriver.findElement(AppiumDriver.java:1)
	at io.appium.java_client.android.AndroidDriver.findElement(AndroidDriver.java:1)
	at org.openqa.selenium.remote.RemoteWebDriver.findElementByCssSelector(RemoteWebDriver.java:465)
	at io.appium.java_client.DefaultGenericMobileDriver.findElementByCssSelector(DefaultGenericMobileDriver.java:129)
	at io.appium.java_client.AppiumDriver.findElementByCssSelector(AppiumDriver.java:1)
	at io.appium.java_client.android.AndroidDriver.findElementByCssSelector(AndroidDriver.java:1)
	at org.openqa.selenium.By$ByCssSelector.findElement(By.java:430)
	at org.openqa.selenium.remote.RemoteWebDriver.findElement(RemoteWebDriver.java:360)
	at io.appium.java_client.DefaultGenericMobileDriver.findElement(DefaultGenericMobileDriver.java:58)
	at io.appium.java_client.AppiumDriver.findElement(AppiumDriver.java:1)
	at io.appium.java_client.android.AndroidDriver.findElement(AndroidDriver.java:1)
	at com.common.Common.waitForElementPresent(Common.java:87)
	... 36 more
</failure>
    <system-err>[Log] [ERROR] Element no find!
</system-err>
  </testcase>
</testsuite>